Jan 22 07:46:45 hnmmail01 dovecot: lda(fichtel@reuss-transporte.de): Error: sieve: binary_open: binary /var/vmail/reuss-transporte.de/fichtel/.sieve.svbin has corrupted header (0x65629cc3) or it is not a Sieve binary
Jan 22 08:46:43 hnmmail01 dovecot: lda(lesesaal@landesarchiv-greifswald.de): Error: sieve: binary_open: binary /var/vmail/landesarchiv-greifswald.de/lesesaal/.sieve.svbin has corrupted header (0x65629cc3) or it is not a Sieve binary
Jan 22 09:09:33 hnmmail01 dovecot: lda(info@immotrade.li): Error: sieve: msgid=<E792463E2F874B0BBCF04F4396231A8E@euroflorist.de>: failed to store into mailbox 'INBOX': Quota exceeded (mailbox for user is full)
Jan 22 09:09:33 hnmmail01 dovecot: lda(info@immotrade.li): Error: sieve: msgid=<E792463E2F874B0BBCF04F4396231A8E@euroflorist.de>: failed to store into mailbox 'INBOX': Quota exceeded (mailbox for user is full)
Jan 22 09:09:33 hnmmail01 dovecot: lda(info@immotrade.li): Error: sieve: script /var/vmail/immotrade.li/info/.sieve failed with unsuccessful implicit keep (user logfile /var/vmail/immotrade.li/info/.sieve.log may reveal additional details)
Jan 22 09:09:54 hnmmail01 dovecot: lda(ssa.bs.siemens@oeffnung-der-schulen.de): Error: sieve: msgid=<58610996472fe1a746c8333e2bba726d@oeffnung-der-schulen.de>: failed to store into mailbox 'INBOX': Quota exceeded (mailbox for user is full)
Jan 22 09:09:54 hnmmail01 dovecot: lda(ssa.bs.siemens@oeffnung-der-schulen.de): Error: sieve: msgid=<58610996472fe1a746c8333e2bba726d@oeffnung-der-schulen.de>: failed to store into mailbox 'INBOX': Quota exceeded (mailbox for user is full)
Jan 22 09:09:54 hnmmail01 dovecot: lda(ssa.bs.siemens@oeffnung-der-schulen.de): Error: sieve: script /var/vmail/oeffnung-der-schulen.de/ssa.bs.siemens/.sieve failed with unsuccessful implicit keep (user logfile /var/vmail/oeffnung-der-schulen.de/ssa.bs.siemens/.sieve.log may reveal additional details)
Jan 22 09:09:54 hnmmail01 dovecot: lda(ssa.nexoe@oeffnung-der-schulen.de): Error: sieve: binary_open: binary /var/vmail/oeffnung-der-schulen.de/ssa.nexoe/.sieve.svbin has corrupted header (0x65629cc3) or it is not a Sieve binary
Jan 22 09:10:11 hnmmail01 dovecot: lda(ssa.bs.pappel@oeffnung-der-schulen.de): Error: sieve: binary_open: binary /var/vmail/oeffnung-der-schulen.de/ssa.bs.pappel/.sieve.svbin has corrupted header (0x65629cc3) or it is not a Sieve binary
Jan 22 10:12:22 hnmmail01 dovecot: lda(jordan@tkocz.de): Error: sieve: binary_open: binary /var/vmail/tkocz.de/jordan/.sieve.svbin has corrupted header (0x65629cc3) or it is not a Sieve binary
Jan 22 10:23:26 hnmmail01 dovecot: lda(ssa.bs.siemens@oeffnung-der-schulen.de): Error: sieve: msgid=<09470d144a1da2fe4424792c0a24057d@oeffnung-der-schulen.de>: failed to store into mailbox 'INBOX': Quota exceeded (mailbox for user is full)
Jan 22 10:23:26 hnmmail01 dovecot: lda(ssa.bs.siemens@oeffnung-der-schulen.de): Error: sieve: msgid=<09470d144a1da2fe4424792c0a24057d@oeffnung-der-schulen.de>: failed to store into mailbox 'INBOX': Quota exceeded (mailbox for user is full)
Jan 22 10:23:26 hnmmail01 dovecot: lda(ssa.bs.siemens@oeffnung-der-schulen.de): Error: sieve: script /var/vmail/oeffnung-der-schulen.de/ssa.bs.siemens/.sieve failed with unsuccessful implicit keep (user logfile /var/vmail/oeffnung-der-schulen.de/ssa.bs.siemens/.sieve.log may reveal additional details)
Jan 22 10:29:08 hnmmail01 dovecot: lda(elm@reelfs-etechnik.de): Error: sieve: binary_open: binary /var/vmail/reelfs-etechnik.de/elm/.sieve.svbin has corrupted header (0x65629cc3) or it is not a Sieve binary
Jan 22 10:29:41 hnmmail01 dovecot: lda(bernd.mueller@catahro.de): Error: sieve: binary_open: binary /var/vmail/catahro.de/bernd.mueller/.sieve.svbin has corrupted header (0x65629cc3) or it is not a Sieve binary
Jan 22 10:29:52 hnmmail01 dovecot: lda(ssa.bs.siemens@oeffnung-der-schulen.de): Error: sieve: msgid=<3e3a508069f1575a8dfe549553a52c44@oeffnung-der-schulen.de>: failed to store into mailbox 'INBOX': Quota exceeded (mailbox for user is full)
Jan 22 10:29:52 hnmmail01 dovecot: lda(ssa.bs.siemens@oeffnung-der-schulen.de): Error: sieve: msgid=<3e3a508069f1575a8dfe549553a52c44@oeffnung-der-schulen.de>: failed to store into mailbox 'INBOX': Quota exceeded (mailbox for user is full)
Jan 22 10:29:52 hnmmail01 dovecot: lda(ssa.bs.siemens@oeffnung-der-schulen.de): Error: sieve: script /var/vmail/oeffnung-der-schulen.de/ssa.bs.siemens/.sieve failed with unsuccessful implicit keep (user logfile /var/vmail/oeffnung-der-schulen.de/ssa.bs.siemens/.sieve.log may reveal additional details)
Jan 22 10:40:00 hnmmail01 dovecot: lda(spiekermann@reelfs-etechnik.de): Error: sieve: binary_open: binary /var/vmail/reelfs-etechnik.de/spiekermann/.sieve.svbin has corrupted header (0x65629cc3) or it is not a Sieve binary
Jan 22 10:40:48 hnmmail01 dovecot: lda(aimo.brandt@wero-gebaeudereinigung.de): Error: sieve: binary_open: binary /var/vmail/wero-gebaeudereinigung.de/aimo.brandt/.sieve.svbin has corrupted header (0x65629cc3) or it is not a Sieve binary
Jan 22 10:41:47 hnmmail01 dovecot: lda(spa@inselparadies.de): Error: sieve: binary_open: binary /var/vmail/inselparadies.de/spa/.sieve.svbin has corrupted header (0x65629cc3) or it is not a Sieve binary
Jan 22 11:09:53 hnmmail01 dovecot: lda(web981p5@as-industriemontage.de): Error: sieve: binary_open: binary /var/vmail/as-industriemontage.de/web981p5/.sieve.svbin has corrupted header (0x65629cc3) or it is not a Sieve binary
Jan 22 11:21:45 hnmmail01 dovecot: lda(admin@reuss-transporte.de): Error: sieve: binary_open: binary /var/vmail/reuss-transporte.de/admin/.sieve.svbin has corrupted header (0x65629cc3) or it is not a Sieve binary
Jan 22 11:22:20 hnmmail01 dovecot: lda(bruessler@reuss-transporte.de): Error: sieve: binary_open: binary /var/vmail/reuss-transporte.de/bruessler/.sieve.svbin has corrupted header (0x65629cc3) or it is not a Sieve binary
Jan 22 11:58:16 hnmmail01 dovecot: lda(info@immotrade.li): Error: sieve: msgid=??<64a7c779040f7bc5597dab7365265efada1d77285d9ed6dcc39de695e2bb813833b0013bb132e1a4@e.bmshopemail.com>: failed to store into mailbox 'INBOX': Quota exceeded (mailbox for user is full)
Jan 22 11:58:16 hnmmail01 dovecot: lda(info@immotrade.li): Error: sieve: msgid=??<64a7c779040f7bc5597dab7365265efada1d77285d9ed6dcc39de695e2bb813833b0013bb132e1a4@e.bmshopemail.com>: failed to store into mailbox 'INBOX': Quota exceeded (mailbox for user is full)
Jan 22 11:58:16 hnmmail01 dovecot: lda(info@immotrade.li): Error: sieve: script /var/vmail/immotrade.li/info/.sieve failed with unsuccessful implicit keep (user logfile /var/vmail/immotrade.li/info/.sieve.log may reveal additional details)
Jan 22 12:04:36 hnmmail01 dovecot: lda(lars.schreiber@elektro-firma-gloeden.de): Error: sieve: binary_open: binary /var/vmail/elektro-firma-gloeden.de/lars.schreiber/.sieve.svbin has corrupted header (0x65629cc3) or it is not a Sieve binary
Jan 22 12:25:21 hnmmail01 dovecot: lda(g.welzmiller@harrer-gmbh.de): Error: sieve: binary_open: binary /var/vmail/harrer-gmbh.de/g.welzmiller/.sieve.svbin has corrupted header (0x65629cc3) or it is not a Sieve binary
Jan 22 12:37:06 hnmmail01 dovecot: lda(potenberg@variogh.de): Error: sieve: binary_open: binary /var/vmail/variogh.de/potenberg/.sieve.svbin has corrupted header (0x65629cc3) or it is not a Sieve binary
Jan 22 12:59:08 hnmmail01 dovecot: lda(web120p1@stefan-gronau.de): Error: sieve: binary_open: binary /var/vmail/stefan-gronau.de/web120p1/.sieve.svbin has corrupted header (0x65629cc3) or it is not a Sieve binary
Jan 22 13:03:30 hnmmail01 dovecot: lda(urlaub@nordwind-touristik.de): Error: sieve: binary_open: binary /var/vmail/nordwind-touristik.de/urlaub/.sieve.svbin has corrupted header (0x65629cc3) or it is not a Sieve binary
Jan 22 14:20:59 hnmmail01 dovecot: lda(info@immotrade.li): Error: sieve: msgid=<150122141800ZZ.32495@mscreator34.ffm.local>: failed to store into mailbox 'INBOX': Quota exceeded (mailbox for user is full)
Jan 22 14:20:59 hnmmail01 dovecot: lda(info@immotrade.li): Error: sieve: msgid=<150122141800ZZ.32495@mscreator34.ffm.local>: failed to store into mailbox 'INBOX': Quota exceeded (mailbox for user is full)
Jan 22 14:20:59 hnmmail01 dovecot: lda(info@immotrade.li): Error: sieve: script /var/vmail/immotrade.li/info/.sieve failed with unsuccessful implicit keep (user logfile /var/vmail/immotrade.li/info/.sieve.log may reveal additional details)
Jan 22 14:37:19 hnmmail01 dovecot: lda(gabriel@tkocz.de): Error: sieve: binary_open: binary /var/vmail/tkocz.de/gabriel/.sieve.svbin has corrupted header (0x65629cc3) or it is not a Sieve binary
Jan 22 15:09:37 hnmmail01 dovecot: lda(marcel.fiedler@bmw-zentral.de): Error: sieve: binary_open: binary /var/vmail/bmw-zentral.de/marcel.fiedler/.sieve.svbin has corrupted header (0x65629cc3) or it is not a Sieve binary
Jan 22 15:27:20 hnmmail01 dovecot: lda(seek.annette@ib-vm.de): Error: sieve: binary_open: binary /var/vmail/ib-vm.de/seek.annette/.sieve.svbin has corrupted header (0x65629cc3) or it is not a Sieve binary
Jan 22 15:32:26 hnmmail01 dovecot: lda(maik.schmidt@bmw-zentral.de): Error: sieve: binary_open: binary /var/vmail/bmw-zentral.de/maik.schmidt/.sieve.svbin has corrupted header (0x65629cc3) or it is not a Sieve binary
